0 silly argv {
0 silly argv   _: [ 'publish' ],
0 silly argv   composed: 'publish',
0 silly argv   lernaVersion: '4.0.0',
0 silly argv   '$0': 'lerna',
0 silly argv   bump: 'from-git'
0 silly argv }
1 notice cli v4.0.0
2 verbose rootPath /Users/chenglong/project/myproject/webpack-project
3 info versioning independent
4 verbose session 0143735337d60dd0
5 verbose user-agent lerna/4.0.0/node@v12.18.3+x64 (darwin)
6 verbose git-describe undefined => "create-lbgcli1@1.0.17-0-g7c6cf3a"
7 silly git-describe parsed => {"lastTagName":"create-lbgcli1@1.0.17","lastVersion":"1.0.17","refCount":"0","sha":"7c6cf3a","isDirty":false}
8 silly getCurrentTags matching "*@*"
9 info publish Publishing packages to npm...
10 notice Skipping all user and access validation due to third-party registry
11 notice Make sure you're authenticated properly ¯\_(ツ)_/¯
12 silly getCurrentSHA
13 verbose getCurrentSHA 7c6cf3a3fb68ce12e610e0bb4009fc82fe99a5f5
14 silly lifecycle No script for "prepublish" in "root", continuing
15 silly lifecycle No script for "prepare" in "root", continuing
16 silly lifecycle No script for "prepublishOnly" in "root", continuing
17 silly lifecycle No script for "prepack" in "root", continuing
18 verbose pack-directory packages/create-lbg
19 silly lifecycle No script for "prepublish" in "create-lbgcli1", continuing
20 silly lifecycle No script for "prepare" in "create-lbgcli1", continuing
21 silly lifecycle No script for "prepublishOnly" in "create-lbgcli1", continuing
22 silly lifecycle No script for "prepack" in "create-lbgcli1", continuing
23 silly lifecycle No script for "postpack" in "create-lbgcli1", continuing
24 verbose packed packages/create-lbg
25 silly lifecycle No script for "postpack" in "root", continuing
26 verbose publish create-lbgcli1
27 silly FetchError: request to http://registry.npmjs.com/create-lbgcli1 failed, reason: socket hang up
27 silly     at ClientRequest.<anonymous> (/Users/chenglong/project/myproject/webpack-project/node_modules/minipass-fetch/lib/index.js:110:14)
27 silly     at ClientRequest.emit (events.js:315:20)
27 silly     at Socket.socketOnEnd (_http_client.js:453:9)
27 silly     at Socket.emit (events.js:327:22)
27 silly     at endReadableNT (_stream_readable.js:1220:12)
27 silly     at processTicksAndRejections (internal/process/task_queues.js:84:21)
27 silly  FetchError: request to http://registry.npmjs.com/create-lbgcli1 failed, reason: socket hang up
27 silly     at ClientRequest.<anonymous> (/Users/chenglong/project/myproject/webpack-project/node_modules/minipass-fetch/lib/index.js:110:14)
27 silly     at ClientRequest.emit (events.js:315:20)
27 silly     at Socket.socketOnEnd (_http_client.js:453:9)
27 silly     at Socket.emit (events.js:327:22)
27 silly     at endReadableNT (_stream_readable.js:1220:12)
27 silly     at processTicksAndRejections (internal/process/task_queues.js:84:21) {
27 silly   code: 'ECONNRESET',
27 silly   errno: 'ECONNRESET',
27 silly   type: 'system'
27 silly }
28 error ECONNRESET request to http://registry.npmjs.com/create-lbgcli1 failed, reason: socket hang up
29 error FetchError: request to http://registry.npmjs.com/create-lbgcli1 failed, reason: socket hang up
29 error     at ClientRequest.<anonymous> (/Users/chenglong/project/myproject/webpack-project/node_modules/minipass-fetch/lib/index.js:110:14)
29 error     at ClientRequest.emit (events.js:315:20)
29 error     at Socket.socketOnEnd (_http_client.js:453:9)
29 error     at Socket.emit (events.js:327:22)
29 error     at endReadableNT (_stream_readable.js:1220:12)
